<?xml version="1.0" encoding="UTF-8"?>
<testsuite name="Download_Test" tests="1" skipped="0" failures="0" errors="0" timestamp="2020-10-20T07:14:27" hostname="CRYING-WINDOWS" time="0.003">
  <properties/>
  <testcase name="Download_Core" classname="Download_Test" time="0.003"/>
  <system-out><![CDATA[]]></system-out>
  <system-err><![CDATA[]]></system-err>
</testsuite>
